# JRE version: OpenJDK Runtime Environment (8.0_222-b10) (build 1.8.0_222-8u222-b10-1ubuntu1~16.04.1-b10)
# Java VM: OpenJDK 64-Bit Server VM (25.222-b10 mixed mode linux-amd64 compressed oops)
Heap:
 PSYoungGen      total 118272K, used 7139K [0x00000000ec200000, 0x00000000f4180000, 0x0000000100000000)
  eden space 111104K, 0% used [0x00000000ec200000,0x00000000ec200000,0x00000000f2e80000)
  from space 7168K, 99% used [0x00000000f3380000,0x00000000f3a78d48,0x00000000f3a80000)
  to   space 2560K, 0% used [0x00000000f3f00000,0x00000000f3f00000,0x00000000f4180000)
 ParOldGen       total 27648K, used 11106K [0x00000000c4600000, 0x00000000c6100000, 0x00000000ec200000)
  object space 27648K, 40% used [0x00000000c4600000,0x00000000c50d8908,0x00000000c6100000)
 Metaspace       used 26997K, capacity 28124K, committed 28208K, reserved 1073152K
  class space    used 3568K, capacity 3844K, committed 3888K, reserved 1048576K
GC Heap History (10 events):
Event: 1,747 GC heap after
Heap after GC invocations=5 (full 0):
 PSYoungGen      total 33280K, used 2544K [0x00000000ec200000, 0x00000000f0900000, 0x0000000100000000)
  eden space 30720K, 0% used [0x00000000ec200000,0x00000000ec200000,0x00000000ee000000)
  from space 2560K, 99% used [0x00000000ee000000,0x00000000ee27c010,0x00000000ee280000)
  to   space 5632K, 0% used [0x00000000f0380000,0x00000000f0380000,0x00000000f0900000)
 ParOldGen       total 40960K, used 5026K [0x00000000c4600000, 0x00000000c6e00000, 0x00000000ec200000)
  object space 40960K, 12% used [0x00000000c4600000,0x00000000c4ae8828,0x00000000c6e00000)
 Metaspace       used 14321K, capacity 14702K, committed 15104K, reserved 1062912K
  class space    used 1809K, capacity 1940K, committed 2048K, reserved 1048576K
}
Event: 3,145 GC heap before
{Heap before GC invocations=6 (full 0):
 PSYoungGen      total 33280K, used 33264K [0x00000000ec200000, 0x00000000f0900000, 0x0000000100000000)
  eden space 30720K, 100% used [0x00000000ec200000,0x00000000ee000000,0x00000000ee000000)
  from space 2560K, 99% used [0x00000000ee000000,0x00000000ee27c010,0x00000000ee280000)
  to   space 5632K, 0% used [0x00000000f0380000,0x00000000f0380000,0x00000000f0900000)
 ParOldGen       total 40960K, used 5026K [0x00000000c4600000, 0x00000000c6e00000, 0x00000000ec200000)
  object space 40960K, 12% used [0x00000000c4600000,0x00000000c4ae8828,0x00000000c6e00000)
 Metaspace       used 17126K, capacity 17684K, committed 17792K, reserved 1064960K
  class space    used 2231K, capacity 2373K, committed 2432K, reserved 1048576K
Event: 3,170 GC heap after
Heap after GC invocations=6 (full 0):
 PSYoungGen      total 66048K, used 5621K [0x00000000ec200000, 0x00000000f0b00000, 0x0000000100000000)
  eden space 60416K, 0% used [0x00000000ec200000,0x00000000ec200000,0x00000000efd00000)
  from space 5632K, 99% used [0x00000000f0380000,0x00000000f08fd460,0x00000000f0900000)
  to   space 6656K, 0% used [0x00000000efd00000,0x00000000efd00000,0x00000000f0380000)
 ParOldGen       total 40960K, used 5261K [0x00000000c4600000, 0x00000000c6e00000, 0x00000000ec200000)
  object space 40960K, 12% used [0x00000000c4600000,0x00000000c4b23450,0x00000000c6e00000)
 Metaspace       used 17126K, capacity 17684K, committed 17792K, reserved 1064960K
  class space    used 2231K, capacity 2373K, committed 2432K, reserved 1048576K
}
Event: 4,286 GC heap before
{Heap before GC invocations=7 (full 0):
 PSYoungGen      total 66048K, used 30370K [0x00000000ec200000, 0x00000000f0b00000, 0x0000000100000000)
  eden space 60416K, 40% used [0x00000000ec200000,0x00000000eda2b5e8,0x00000000efd00000)
  from space 5632K, 99% used [0x00000000f0380000,0x00000000f08fd460,0x00000000f0900000)
  to   space 6656K, 0% used [0x00000000efd00000,0x00000000efd00000,0x00000000f0380000)
 ParOldGen       total 40960K, used 5261K [0x00000000c4600000, 0x00000000c6e00000, 0x00000000ec200000)
  object space 40960K, 12% used [0x00000000c4600000,0x00000000c4b23450,0x00000000c6e00000)
 Metaspace       used 20687K, capacity 21264K, committed 21296K, reserved 1067008K
  class space    used 2655K, capacity 2837K, committed 2864K, reserved 1048576K
Event: 4,298 GC heap after
Heap after GC invocations=7 (full 0):
 PSYoungGen      total 67072K, used 5761K [0x00000000ec200000, 0x00000000f4600000, 0x0000000100000000)
  eden space 60416K, 0% used [0x00000000ec200000,0x00000000ec200000,0x00000000efd00000)
  from space 6656K, 86% used [0x00000000efd00000,0x00000000f02a0710,0x00000000f0380000)
  to   space 7168K, 0% used [0x00000000f3f00000,0x00000000f3f00000,0x00000000f4600000)
 ParOldGen       total 40960K, used 6533K [0x00000000c4600000, 0x00000000c6e00000, 0x00000000ec200000)
  object space 40960K, 15% used [0x00000000c4600000,0x00000000c4c61428,0x00000000c6e00000)
 Metaspace       used 20687K, capacity 21264K, committed 21296K, reserved 1067008K
  class space    used 2655K, capacity 2837K, committed 2864K, reserved 1048576K
}
Event: 4,298 GC heap before
{Heap before GC invocations=8 (full 1):
 PSYoungGen      total 67072K, used 5761K [0x00000000ec200000, 0x00000000f4600000, 0x0000000100000000)
  eden space 60416K, 0% used [0x00000000ec200000,0x00000000ec200000,0x00000000efd00000)
  from space 6656K, 86% used [0x00000000efd00000,0x00000000f02a0710,0x00000000f0380000)
  to   space 7168K, 0% used [0x00000000f3f00000,0x00000000f3f00000,0x00000000f4600000)
 ParOldGen       total 40960K, used 6533K [0x00000000c4600000, 0x00000000c6e00000, 0x00000000ec200000)
  object space 40960K, 15% used [0x00000000c4600000,0x00000000c4c61428,0x00000000c6e00000)
 Metaspace       used 20687K, capacity 21264K, committed 21296K, reserved 1067008K
  class space    used 2655K, capacity 2837K, committed 2864K, reserved 1048576K
Event: 4,347 GC heap after
Heap after GC invocations=8 (full 1):
 PSYoungGen      total 67072K, used 0K [0x00000000ec200000, 0x00000000f4600000, 0x0000000100000000)
  eden space 60416K, 0% used [0x00000000ec200000,0x00000000ec200000,0x00000000efd00000)
  from space 6656K, 0% used [0x00000000efd00000,0x00000000efd00000,0x00000000f0380000)
  to   space 7168K, 0% used [0x00000000f3f00000,0x00000000f3f00000,0x00000000f4600000)
 ParOldGen       total 27648K, used 7602K [0x00000000c4600000, 0x00000000c6100000, 0x00000000ec200000)
  object space 27648K, 27% used [0x00000000c4600000,0x00000000c4d6c9b0,0x00000000c6100000)
 Metaspace       used 20685K, capacity 21258K, committed 21296K, reserved 1067008K
  class space    used 2655K, capacity 2836K, committed 2864K, reserved 1048576K
}
Event: 5,804 GC heap before
{Heap before GC invocations=9 (full 1):
 PSYoungGen      total 67072K, used 60416K [0x00000000ec200000, 0x00000000f4600000, 0x0000000100000000)
  eden space 60416K, 100% used [0x00000000ec200000,0x00000000efd00000,0x00000000efd00000)
  from space 6656K, 0% used [0x00000000efd00000,0x00000000efd00000,0x00000000f0380000)
  to   space 7168K, 0% used [0x00000000f3f00000,0x00000000f3f00000,0x00000000f4600000)
 ParOldGen       total 27648K, used 7602K [0x00000000c4600000, 0x00000000c6100000, 0x00000000ec200000)
  object space 27648K, 27% used [0x00000000c4600000,0x00000000c4d6c9b0,0x00000000c6100000)
 Metaspace       used 22033K, capacity 22772K, committed 23088K, reserved 1069056K
  class space    used 2838K, capacity 3023K, committed 3120K, reserved 1048576K
Event: 5,808 GC heap after
Heap after GC invocations=9 (full 1):
 PSYoungGen      total 113664K, used 2314K [0x00000000ec200000, 0x00000000f4180000, 0x0000000100000000)
  eden space 111104K, 0% used [0x00000000ec200000,0x00000000ec200000,0x00000000f2e80000)
  from space 2560K, 90% used [0x00000000f3f00000,0x00000000f4142bc0,0x00000000f4180000)
  to   space 7168K, 0% used [0x00000000f3380000,0x00000000f3380000,0x00000000f3a80000)
 ParOldGen       total 27648K, used 7610K [0x00000000c4600000, 0x00000000c6100000, 0x00000000ec200000)
  object space 27648K, 27% used [0x00000000c4600000,0x00000000c4d6e9b0,0x00000000c6100000)
 Metaspace       used 22033K, capacity 22772K, committed 23088K, reserved 1069056K
  class space    used 2838K, capacity 3023K, committed 3120K, reserved 1048576K
}
Event: 12,104 GC heap before
{Heap before GC invocations=10 (full 1):
 PSYoungGen      total 113664K, used 113418K [0x00000000ec200000, 0x00000000f4180000, 0x0000000100000000)
  eden space 111104K, 100% used [0x00000000ec200000,0x00000000f2e80000,0x00000000f2e80000)
  from space 2560K, 90% used [0x00000000f3f00000,0x00000000f4142bc0,0x00000000f4180000)
  to   space 7168K, 0% used [0x00000000f3380000,0x00000000f3380000,0x00000000f3a80000)
 ParOldGen       total 27648K, used 7610K [0x00000000c4600000, 0x00000000c6100000, 0x00000000ec200000)
  object space 27648K, 27% used [0x00000000c4600000,0x00000000c4d6e9b0,0x00000000c6100000)
 Metaspace       used 26997K, capacity 28124K, committed 28208K, reserved 1073152K
  class space    used 3568K, capacity 3844K, committed 3888K, reserved 1048576K

